<?xml version="1.0" encoding="UTF-8"?>
<testsuite xmlns:xsi="http://www.w3.org/2001/XMLSchema-instance" xsi:noNamespaceSchemaLocation="https://maven.apache.org/surefire/maven-surefire-plugin/xsd/surefire-test-report-3.0.xsd" version="3.0" name="TestSuite" time="48.092" tests="1" errors="0" skipped="0" failures="0">
  <properties>
[...]
</properties>
  <testcase name="addnewcust" classname="com.nopcommerce.testCases.TC_AddCustomerTest_003" time="38.381">
    <system-out><![CDATA[[TestNGContentHandler] [WARN] It is strongly recommended to add "<!DOCTYPE suite SYSTEM "http://testng.org/testng-1.0.dtd" >" at the top of your file, otherwise TestNG may fail or not work as expected.
[DEBUG] 30-03-2021 04:51:27.836 InternalLoggerFactory - Using Log4J2 as the default logging framework
[DEBUG] 30-03-2021 04:51:27.843 ResourceLeakDetector - -Dio.netty.leakDetection.level: simple
[DEBUG] 30-03-2021 04:51:27.844 ResourceLeakDetector - -Dio.netty.leakDetection.targetRecords: 4
[DEBUG] 30-03-2021 04:51:27.848 ResourceLeakDetectorFactory - Loaded default ResourceLeakDetector: io.netty.util.ResourceLeakDetector@1e391e75
[DEBUG] 30-03-2021 04:51:27.861 PlatformDependent - Platform: Windows
[DEBUG] 30-03-2021 04:51:27.863 PlatformDependent0 - -Dio.netty.noUnsafe: false
[DEBUG] 30-03-2021 04:51:27.863 PlatformDependent0 - Java version: 15
[DEBUG] 30-03-2021 04:51:27.865 PlatformDependent0 - sun.misc.Unsafe.theUnsafe: available
[DEBUG] 30-03-2021 04:51:27.865 PlatformDependent0 - sun.misc.Unsafe.copyMemory: available
[DEBUG] 30-03-2021 04:51:27.866 PlatformDependent0 - java.nio.Buffer.address: available
[DEBUG] 30-03-2021 04:51:27.866 PlatformDependent0 - direct buffer constructor: unavailable
java.lang.UnsupportedOperationException: Reflective setAccessible(true) disabled
	at io.netty.util.internal.ReflectionUtil.trySetAccessible(ReflectionUtil.java:31) ~[netty-common-4.1.47.Final.jar:4.1.47.Final]
	at io.netty.util.internal.PlatformDependent0$4.run(PlatformDependent0.java:225) ~[netty-common-4.1.47.Final.jar:4.1.47.Final]
	at java.security.AccessController.doPrivileged(AccessController.java:312) ~[?:?]
	at io.netty.util.internal.PlatformDependent0.<clinit>(PlatformDependent0.java:219) [netty-common-4.1.47.Final.jar:4.1.47.Final]
	at io.netty.util.internal.PlatformDependent.isAndroid(PlatformDependent.java:289) [netty-common-4.1.47.Final.jar:4.1.47.Final]
	at io.netty.util.internal.PlatformDependent.<clinit>(PlatformDependent.java:92) [netty-common-4.1.47.Final.jar:4.1.47.Final]
	at io.netty.util.HashedWheelTimer.<init>(HashedWheelTimer.java:109) [netty-common-4.1.47.Final.jar:4.1.47.Final]
	at io.netty.util.HashedWheelTimer.<init>(HashedWheelTimer.java:218) [netty-common-4.1.47.Final.jar:4.1.47.Final]
	at io.netty.util.HashedWheelTimer.<init>(HashedWheelTimer.java:197) [netty-common-4.1.47.Final.jar:4.1.47.Final]
	at io.netty.util.HashedWheelTimer.<init>(HashedWheelTimer.java:179) [netty-common-4.1.47.Final.jar:4.1.47.Final]
	at io.netty.util.HashedWheelTimer.<init>(HashedWheelTimer.java:163) [netty-common-4.1.47.Final.jar:4.1.47.Final]
	at org.asynchttpclient.DefaultAsyncHttpClient.newNettyTimer(DefaultAsyncHttpClient.java:97) [async-http-client-2.11.0.jar:?]
	at org.asynchttpclient.DefaultAsyncHttpClient.<init>(DefaultAsyncHttpClient.java:87) [async-http-client-2.11.0.jar:?]
	at org.asynchttpclient.DefaultAsyncHttpClient.<init>(DefaultAsyncHttpClient.java:71) [async-http-client-2.11.0.jar:?]
	at org.asynchttpclient.Dsl.asyncHttpClient(Dsl.java:28) [async-http-client-2.11.0.jar:?]
	at org.openqa.selenium.remote.http.netty.NettyClient.<clinit>(NettyClient.java:35) [selenium-remote-driver-4.0.0-alpha-5.jar:?]
	at org.openqa.selenium.remote.http.netty.NettyClient$Factory.createClient(NettyClient.java:76) [selenium-remote-driver-4.0.0-alpha-5.jar:?]
	at org.openqa.selenium.remote.http.HttpClient$Factory.createClient(HttpClient.java:71) [selenium-http-4.0.0-alpha-5.jar:?]
	at org.openqa.selenium.remote.HttpCommandExecutor.<init>(HttpCommandExecutor.java:90) [selenium-remote-driver-4.0.0-alpha-5.jar:?]
	at org.openqa.selenium.remote.HttpCommandExecutor.<init>(HttpCommandExecutor.java:73) [selenium-remote-driver-4.0.0-alpha-5.jar:?]
	at org.openqa.selenium.remote.service.DriverCommandExecutor.<init>(DriverCommandExecutor.java:63) [selenium-remote-driver-4.0.0-alpha-5.jar:?]
	at org.openqa.selenium.chromium.ChromiumDriverCommandExecutor.<init>(ChromiumDriverCommandExecutor.java:66) [selenium-chromium-driver-4.0.0-alpha-5.jar:?]
	at org.openqa.selenium.chrome.ChromeDriver.<init>(ChromeDriver.java:163) [selenium-chrome-driver-4.0.0-alpha-5.jar:?]
	at org.openqa.selenium.chrome.ChromeDriver.<init>(ChromeDriver.java:150) [selenium-chrome-driver-4.0.0-alpha-5.jar:?]
	at org.openqa.selenium.chrome.ChromeDriver.<init>(ChromeDriver.java:105) [selenium-chrome-driver-4.0.0-alpha-5.jar:?]
	at com.nopcommerce.testBase.BaseClass.setup(BaseClass.java:46) [test-classes/:?]
	at jdk.internal.reflect.NativeMethodAccessorImpl.invoke0(Native Method) ~[?:?]
	at jdk.internal.reflect.NativeMethodAccessorImpl.invoke(NativeMethodAccessorImpl.java:64) ~[?:?]
	at jdk.internal.reflect.DelegatingMethodAccessorImpl.invoke(DelegatingMethodAccessorImpl.java:43) ~[?:?]
	at java.lang.reflect.Method.invoke(Method.java:564) ~[?:?]
	at org.testng.internal.MethodInvocationHelper.invokeMethod(MethodInvocationHelper.java:124) [testng-6.14.3.jar:?]
	at org.testng.internal.MethodInvocationHelper.invokeMethodConsideringTimeout(MethodInvocationHelper.java:59) [testng-6.14.3.jar:?]
	at org.testng.internal.Invoker.invokeConfigurationMethod(Invoker.java:458) [testng-6.14.3.jar:?]
	at org.testng.internal.Invoker.invokeConfigurations(Invoker.java:222) [testng-6.14.3.jar:?]
	at org.testng.internal.Invoker.invokeConfigurations(Invoker.java:142) [testng-6.14.3.jar:?]
	at org.testng.internal.TestMethodWorker.invokeBeforeClassMethods(TestMethodWorker.java:168) [testng-6.14.3.jar:?]
	at org.testng.internal.TestMethodWorker.run(TestMethodWorker.java:105) [testng-6.14.3.jar:?]
	at org.testng.TestRunner.privateRun(TestRunner.java:648) [testng-6.14.3.jar:?]
	at org.testng.TestRunner.run(TestRunner.java:505) [testng-6.14.3.jar:?]
	at org.testng.SuiteRunner.runTest(SuiteRunner.java:455) [testng-6.14.3.jar:?]
	at org.testng.SuiteRunner.access$000(SuiteRunner.java:40) [testng-6.14.3.jar:?]
	at org.testng.SuiteRunner$SuiteWorker.run(SuiteRunner.java:489) [testng-6.14.3.jar:?]
	at org.testng.internal.thread.ThreadUtil$1.call(ThreadUtil.java:52) [testng-6.14.3.jar:?]
	at java.util.concurrent.FutureTask.run(FutureTask.java:264) [?:?]
	at java.util.concurrent.ThreadPoolExecutor.runWorker(ThreadPoolExecutor.java:1130) [?:?]
	at java.util.concurrent.ThreadPoolExecutor$Worker.run(ThreadPoolExecutor.java:630) [?:?]
	at java.lang.Thread.run(Thread.java:832) [?:?]
[DEBUG] 30-03-2021 04:51:27.874 PlatformDependent0 - java.nio.Bits.unaligned: available, true
[DEBUG] 30-03-2021 04:51:27.876 PlatformDependent0 - jdk.internal.misc.Unsafe.allocateUninitializedArray(int): unavailable
java.lang.IllegalAccessException: class io.netty.util.internal.PlatformDependent0$6 cannot access class jdk.internal.misc.Unsafe (in module java.base) because module java.base does not export jdk.internal.misc to unnamed module @747225b5
	at jdk.internal.reflect.Reflection.newIllegalAccessException(Reflection.java:385) ~[?:?]
	at java.lang.reflect.AccessibleObject.checkAccess(AccessibleObject.java:693) ~[?:?]
	at java.lang.reflect.Method.invoke(Method.java:556) ~[?:?]
	at io.netty.util.internal.PlatformDependent0$6.run(PlatformDependent0.java:335) ~[netty-common-4.1.47.Final.jar:4.1.47.Final]
	at java.security.AccessController.doPrivileged(AccessController.java:312) ~[?:?]
	at io.netty.util.internal.PlatformDependent0.<clinit>(PlatformDependent0.java:326) [netty-common-4.1.47.Final.jar:4.1.47.Final]
	at io.netty.util.internal.PlatformDependent.isAndroid(PlatformDependent.java:289) [netty-common-4.1.47.Final.jar:4.1.47.Final]
	at io.netty.util.internal.PlatformDependent.<clinit>(PlatformDependent.java:92) [netty-common-4.1.47.Final.jar:4.1.47.Final]
	at io.netty.util.HashedWheelTimer.<init>(HashedWheelTimer.java:109) [netty-common-4.1.47.Final.jar:4.1.47.Final]
	at io.netty.util.HashedWheelTimer.<init>(HashedWheelTimer.java:218) [netty-common-4.1.47.Final.jar:4.1.47.Final]
	at io.netty.util.HashedWheelTimer.<init>(HashedWheelTimer.java:197) [netty-common-4.1.47.Final.jar:4.1.47.Final]
	at io.netty.util.HashedWheelTimer.<init>(HashedWheelTimer.java:179) [netty-common-4.1.47.Final.jar:4.1.47.Final]
	at io.netty.util.HashedWheelTimer.<init>(HashedWheelTimer.java:163) [netty-common-4.1.47.Final.jar:4.1.47.Final]
	at org.asynchttpclient.DefaultAsyncHttpClient.newNettyTimer(DefaultAsyncHttpClient.java:97) [async-http-client-2.11.0.jar:?]
	at org.asynchttpclient.DefaultAsyncHttpClient.<init>(DefaultAsyncHttpClient.java:87) [async-http-client-2.11.0.jar:?]
	at org.asynchttpclient.DefaultAsyncHttpClient.<init>(DefaultAsyncHttpClient.java:71) [async-http-client-2.11.0.jar:?]
	at org.asynchttpclient.Dsl.asyncHttpClient(Dsl.java:28) [async-http-client-2.11.0.jar:?]
	at org.openqa.selenium.remote.http.netty.NettyClient.<clinit>(NettyClient.java:35) [selenium-remote-driver-4.0.0-alpha-5.jar:?]
	at org.openqa.selenium.remote.http.netty.NettyClient$Factory.createClient(NettyClient.java:76) [selenium-remote-driver-4.0.0-alpha-5.jar:?]
	at org.openqa.selenium.remote.http.HttpClient$Factory.createClient(HttpClient.java:71) [selenium-http-4.0.0-alpha-5.jar:?]
	at org.openqa.selenium.remote.HttpCommandExecutor.<init>(HttpCommandExecutor.java:90) [selenium-remote-driver-4.0.0-alpha-5.jar:?]
	at org.openqa.selenium.remote.HttpCommandExecutor.<init>(HttpCommandExecutor.java:73) [selenium-remote-driver-4.0.0-alpha-5.jar:?]
	at org.openqa.selenium.remote.service.DriverCommandExecutor.<init>(DriverCommandExecutor.java:63) [selenium-remote-driver-4.0.0-alpha-5.jar:?]
	at org.openqa.selenium.chromium.ChromiumDriverCommandExecutor.<init>(ChromiumDriverCommandExecutor.java:66) [selenium-chromium-driver-4.0.0-alpha-5.jar:?]
	at org.openqa.selenium.chrome.ChromeDriver.<init>(ChromeDriver.java:163) [selenium-chrome-driver-4.0.0-alpha-5.jar:?]
	at org.openqa.selenium.chrome.ChromeDriver.<init>(ChromeDriver.java:150) [selenium-chrome-driver-4.0.0-alpha-5.jar:?]
	at org.openqa.selenium.chrome.ChromeDriver.<init>(ChromeDriver.java:105) [selenium-chrome-driver-4.0.0-alpha-5.jar:?]
	at com.nopcommerce.testBase.BaseClass.setup(BaseClass.java:46) [test-classes/:?]
	at jdk.internal.reflect.NativeMethodAccessorImpl.invoke0(Native Method) ~[?:?]
	at jdk.internal.reflect.NativeMethodAccessorImpl.invoke(NativeMethodAccessorImpl.java:64) ~[?:?]
	at jdk.internal.reflect.DelegatingMethodAccessorImpl.invoke(DelegatingMethodAccessorImpl.java:43) ~[?:?]
	at java.lang.reflect.Method.invoke(Method.java:564) ~[?:?]
	at org.testng.internal.MethodInvocationHelper.invokeMethod(MethodInvocationHelper.java:124) [testng-6.14.3.jar:?]
	at org.testng.internal.MethodInvocationHelper.invokeMethodConsideringTimeout(MethodInvocationHelper.java:59) [testng-6.14.3.jar:?]
	at org.testng.internal.Invoker.invokeConfigurationMethod(Invoker.java:458) [testng-6.14.3.jar:?]
	at org.testng.internal.Invoker.invokeConfigurations(Invoker.java:222) [testng-6.14.3.jar:?]
	at org.testng.internal.Invoker.invokeConfigurations(Invoker.java:142) [testng-6.14.3.jar:?]
	at org.testng.internal.TestMethodWorker.invokeBeforeClassMethods(TestMethodWorker.java:168) [testng-6.14.3.jar:?]
	at org.testng.internal.TestMethodWorker.run(TestMethodWorker.java:105) [testng-6.14.3.jar:?]
	at org.testng.TestRunner.privateRun(TestRunner.java:648) [testng-6.14.3.jar:?]
	at org.testng.TestRunner.run(TestRunner.java:505) [testng-6.14.3.jar:?]
	at org.testng.SuiteRunner.runTest(SuiteRunner.java:455) [testng-6.14.3.jar:?]
	at org.testng.SuiteRunner.access$000(SuiteRunner.java:40) [testng-6.14.3.jar:?]
	at org.testng.SuiteRunner$SuiteWorker.run(SuiteRunner.java:489) [testng-6.14.3.jar:?]
	at org.testng.internal.thread.ThreadUtil$1.call(ThreadUtil.java:52) [testng-6.14.3.jar:?]
	at java.util.concurrent.FutureTask.run(FutureTask.java:264) [?:?]
	at java.util.concurrent.ThreadPoolExecutor.runWorker(ThreadPoolExecutor.java:1130) [?:?]
	at java.util.concurrent.ThreadPoolExecutor$Worker.run(ThreadPoolExecutor.java:630) [?:?]
	at java.lang.Thread.run(Thread.java:832) [?:?]
[DEBUG] 30-03-2021 04:51:27.878 PlatformDependent0 - java.nio.DirectByteBuffer.<init>(long, int): unavailable
[DEBUG] 30-03-2021 04:51:27.879 PlatformDependent - sun.misc.Unsafe: available
[DEBUG] 30-03-2021 04:51:27.880 PlatformDependent - maxDirectMemory: 2048917504 bytes (maybe)
[DEBUG] 30-03-2021 04:51:27.880 PlatformDependent - -Dio.netty.tmpdir: C:\Users\52094750\AppData\Local\Temp (java.io.tmpdir)
[DEBUG] 30-03-2021 04:51:27.880 PlatformDependent - -Dio.netty.bitMode: 64 (sun.arch.data.model)
[DEBUG] 30-03-2021 04:51:27.881 PlatformDependent - -Dio.netty.maxDirectMemory: -1 bytes
[DEBUG] 30-03-2021 04:51:27.882 PlatformDependent - -Dio.netty.uninitializedArrayAllocationThreshold: -1
[DEBUG] 30-03-2021 04:51:27.883 CleanerJava9 - java.nio.ByteBuffer.cleaner(): available
[DEBUG] 30-03-2021 04:51:27.883 PlatformDependent - -Dio.netty.noPreferDirect: false
[DEBUG] 30-03-2021 04:51:27.891 PlatformDependent - org.jctools-core.MpscChunkedArrayQueue: available
[DEBUG] 30-03-2021 04:51:27.917 JdkSslContext - Default protocols (JDK): [TLSv1.2, TLSv1.1, TLSv1] 
[DEBUG] 30-03-2021 04:51:27.917 JdkSslContext - Default cipher suites (JDK): [TLS_ECDHE_ECDSA_WITH_AES_256_GCM_SHA384, TLS_ECDHE_ECDSA_WITH_AES_128_GCM_SHA256, TLS_ECDHE_RSA_WITH_AES_128_GCM_SHA256, TLS_ECDHE_RSA_WITH_AES_256_GCM_SHA384, TLS_ECDHE_RSA_WITH_AES_128_CBC_SHA, TLS_ECDHE_RSA_WITH_AES_256_CBC_SHA, TLS_RSA_WITH_AES_128_GCM_SHA256, TLS_RSA_WITH_AES_128_CBC_SHA, TLS_RSA_WITH_AES_256_CBC_SHA, TLS_AES_128_GCM_SHA256, TLS_AES_256_GCM_SHA384]
[DEBUG] 30-03-2021 04:51:27.944 InternalThreadLocalMap - -Dio.netty.threadLocalMap.stringBuilder.initialSize: 1024
[DEBUG] 30-03-2021 04:51:27.945 InternalThreadLocalMap - -Dio.netty.threadLocalMap.stringBuilder.maxSize: 4096
[DEBUG] 30-03-2021 04:51:27.952 MultithreadEventLoopGroup - -Dio.netty.eventLoopThreads: 16
[DEBUG] 30-03-2021 04:51:27.961 NioEventLoop - -Dio.netty.noKeySetOptimization: false
[DEBUG] 30-03-2021 04:51:27.963 NioEventLoop - -Dio.netty.selectorAutoRebuildThreshold: 512
[TRACE] 30-03-2021 04:51:27.981 NioEventLoop - instrumented a special java.util.Set into: sun.nio.ch.WindowsSelectorImpl@1d96c58d
[TRACE] 30-03-2021 04:51:27.985 NioEventLoop - instrumented a special java.util.Set into: sun.nio.ch.WindowsSelectorImpl@78468a62
[TRACE] 30-03-2021 04:51:27.987 NioEventLoop - instrumented a special java.util.Set into: sun.nio.ch.WindowsSelectorImpl@12bc9ff2
[TRACE] 30-03-2021 04:51:27.995 NioEventLoop - instrumented a special java.util.Set into: sun.nio.ch.WindowsSelectorImpl@17c2267c
[TRACE] 30-03-2021 04:51:27.997 NioEventLoop - instrumented a special java.util.Set into: sun.nio.ch.WindowsSelectorImpl@314efeea
[TRACE] 30-03-2021 04:51:27.998 NioEventLoop - instrumented a special java.util.Set into: sun.nio.ch.WindowsSelectorImpl@7d17773b
[TRACE] 30-03-2021 04:51:28.001 NioEventLoop - instrumented a special java.util.Set into: sun.nio.ch.WindowsSelectorImpl@ba23464
[TRACE] 30-03-2021 04:51:28.002 NioEventLoop - instrumented a special java.util.Set into: sun.nio.ch.WindowsSelectorImpl@dd512aa
[TRACE] 30-03-2021 04:51:28.004 NioEventLoop - instrumented a special java.util.Set into: sun.nio.ch.WindowsSelectorImpl@4b2a0454
[TRACE] 30-03-2021 04:51:28.006 NioEventLoop - instrumented a special java.util.Set into: sun.nio.ch.WindowsSelectorImpl@d420ca5
[TRACE] 30-03-2021 04:51:28.008 NioEventLoop - instrumented a special java.util.Set into: sun.nio.ch.WindowsSelectorImpl@17d9087d
[TRACE] 30-03-2021 04:51:28.010 NioEventLoop - instrumented a special java.util.Set into: sun.nio.ch.WindowsSelectorImpl@323c086e
[TRACE] 30-03-2021 04:51:28.012 NioEventLoop - instrumented a special java.util.Set into: sun.nio.ch.WindowsSelectorImpl@292fb2d9
[TRACE] 30-03-2021 04:51:28.014 NioEventLoop - instrumented a special java.util.Set into: sun.nio.ch.WindowsSelectorImpl@3495a47d
[TRACE] 30-03-2021 04:51:28.016 NioEventLoop - instrumented a special java.util.Set into: sun.nio.ch.WindowsSelectorImpl@6bd0d872
[TRACE] 30-03-2021 04:51:28.017 NioEventLoop - instrumented a special java.util.Set into: sun.nio.ch.WindowsSelectorImpl@39fdc21e
[DEBUG] 30-03-2021 04:51:28.040 PooledByteBufAllocator - -Dio.netty.allocator.numHeapArenas: 16
[DEBUG] 30-03-2021 04:51:28.041 PooledByteBufAllocator - -Dio.netty.allocator.numDirectArenas: 16
[DEBUG] 30-03-2021 04:51:28.041 PooledByteBufAllocator - -Dio.netty.allocator.pageSize: 8192
[DEBUG] 30-03-2021 04:51:28.041 PooledByteBufAllocator - -Dio.netty.allocator.maxOrder: 11
[DEBUG] 30-03-2021 04:51:28.041 PooledByteBufAllocator - -Dio.netty.allocator.chunkSize: 16777216
[DEBUG] 30-03-2021 04:51:28.041 PooledByteBufAllocator - -Dio.netty.allocator.tinyCacheSize: 512
[DEBUG] 30-03-2021 04:51:28.041 PooledByteBufAllocator - -Dio.netty.allocator.smallCacheSize: 256
[DEBUG] 30-03-2021 04:51:28.041 PooledByteBufAllocator - -Dio.netty.allocator.normalCacheSize: 64
[DEBUG] 30-03-2021 04:51:28.041 PooledByteBufAllocator - -Dio.netty.allocator.maxCachedBufferCapacity: 32768
[DEBUG] 30-03-2021 04:51:28.041 PooledByteBufAllocator - -Dio.netty.allocator.cacheTrimInterval: 8192
[DEBUG] 30-03-2021 04:51:28.041 PooledByteBufAllocator - -Dio.netty.allocator.cacheTrimIntervalMillis: 0
[DEBUG] 30-03-2021 04:51:28.042 PooledByteBufAllocator - -Dio.netty.allocator.useCacheForAllThreads: true
[DEBUG] 30-03-2021 04:51:28.042 PooledByteBufAllocator - -Dio.netty.allocator.maxCachedByteBuffersPerChunk: 1023
[DEBUG] 30-03-2021 04:51:28.050 ByteBufUtil - -Dio.netty.allocator.type: pooled
[DEBUG] 30-03-2021 04:51:28.050 ByteBufUtil - -Dio.netty.threadLocalDirectBufferSize: 0
[DEBUG] 30-03-2021 04:51:28.050 ByteBufUtil - -Dio.netty.maxThreadLocalCharBufferSize: 16384
[DEBUG] 30-03-2021 04:51:29.097 DefaultChannelId - -Dio.netty.processId: 18232 (auto-detected)
[DEBUG] 30-03-2021 04:51:29.099 NetUtil - -Djava.net.preferIPv4Stack: false
[DEBUG] 30-03-2021 04:51:29.100 NetUtil - -Djava.net.preferIPv6Addresses: false
[DEBUG] 30-03-2021 04:51:29.108 NetUtil - Loopback interface: lo (Software Loopback Interface 1, 127.0.0.1)
[DEBUG] 30-03-2021 04:51:29.109 NetUtil - Failed to get SOMAXCONN from sysctl and file \proc\sys\net\core\somaxconn. Default: 200
[DEBUG] 30-03-2021 04:51:29.137 DefaultChannelId - -Dio.netty.machineId: 00:05:9a:ff:fe:3c:7a:00 (auto-detected)
[DEBUG] 30-03-2021 04:51:29.183 AbstractByteBuf - -Dio.netty.buffer.checkAccessible: true
[DEBUG] 30-03-2021 04:51:29.184 AbstractByteBuf - -Dio.netty.buffer.checkBounds: true
[DEBUG] 30-03-2021 04:51:29.184 ResourceLeakDetectorFactory - Loaded default ResourceLeakDetector: io.netty.util.ResourceLeakDetector@31ef295e
[DEBUG] 30-03-2021 04:51:29.211 Recycler - -Dio.netty.recycler.maxCapacityPerThread: 4096
[DEBUG] 30-03-2021 04:51:29.212 Recycler - -Dio.netty.recycler.maxSharedCapacityFactor: 2
[DEBUG] 30-03-2021 04:51:29.212 Recycler - -Dio.netty.recycler.linkCapacity: 16
[DEBUG] 30-03-2021 04:51:29.212 Recycler - -Dio.netty.recycler.ratio: 8
[DEBUG] 30-03-2021 04:51:30.922 ThreadLocalRandom - -Dio.netty.initialSeedUniquifier: 0x34488025cd40a082
[INFO ] 30-03-2021 04:51:31.108 TC_AddCustomerTest_003 - ********* starting TC_AddCustomerTest_003 *************
[INFO ] 30-03-2021 04:51:51.859 TC_AddCustomerTest_003 - *********Adding new customer *************
[INFO ] 30-03-2021 04:52:09.642 TC_AddCustomerTest_003 - ***************  Customer added succesfully *********** 
[INFO ] 30-03-2021 04:52:09.646 TC_AddCustomerTest_003 - ***************   TC_AddCustomerTest_003 Finished  *********** 
]]></system-out>
    <system-err><![CDATA[SLF4J: Failed to load class "org.slf4j.impl.StaticLoggerBinder".
SLF4J: Defaulting to no-operation (NOP) logger implementation
SLF4J: See http://www.slf4j.org/codes.html#StaticLoggerBinder for further details.
Starting ChromeDriver 89.0.4389.23 (61b08ee2c50024bab004e48d2b1b083cdbdac579-refs/branch-heads/4389@{#294}) on port 39620
Only local connections are allowed.
Please see https://chromedriver.chromium.org/security-considerations for suggestions on keeping ChromeDriver safe.
ChromeDriver was started successfully.
Mar 30, 2021 4:51:30 PM org.openqa.selenium.remote.ProtocolHandshake createSession
INFO: Detected dialect: W3C
]]></system-err>
  </testcase>
</testsuite>