<?xml version="1.0" encoding="UTF-8"?>
<testng-results ignored="0" total="1" passed="1" failed="0" skipped="0">
  <reporter-output>
  </reporter-output>
  <suite started-at="2021-03-30T14:14:33Z" name="nopcommerce" finished-at="2021-03-30T14:14:50Z" duration-ms="17189">
    <groups>
    </groups>
    <test started-at="2021-03-30T14:14:33Z" name="TC_LoginTest_001" finished-at="2021-03-30T14:14:50Z" duration-ms="17189">
      <class name="com.nopcommerce.testCases.TC_LoginTest_001">
        <test-method is-config="true" signature="setup(java.lang.String)[pri:0, instance:com.nopcommerce.testCases.TC_LoginTest_001@758c83d8]" started-at="2021-03-30T14:14:33Z" name="setup" finished-at="2021-03-30T14:14:38Z" duration-ms="5044" status="PASS">
          <params>
            <param index="0">
              <value>
                <![CDATA[chrome]]>
              </value>
            </param>
          </params>
          <reporter-output>
          </reporter-output>
        </test-method> <!-- setup -->
        <test-method signature="LoginTest()[pri:0, instance:com.nopcommerce.testCases.TC_LoginTest_001@758c83d8]" started-at="2021-03-30T14:14:38Z" name="LoginTest" finished-at="2021-03-30T14:14:49Z" duration-ms="10876" status="PASS">
          <reporter-output>
          </reporter-output>
        </test-method> <!-- LoginTest -->
        <test-method is-config="true" signature="teardown()[pri:0, instance:com.nopcommerce.testCases.TC_LoginTest_001@758c83d8]" started-at="2021-03-30T14:14:49Z" name="teardown" finished-at="2021-03-30T14:14:50Z" duration-ms="1091" status="PASS">
          <reporter-output>
          </reporter-output>
        </test-method> <!-- teardown -->
      </class> <!-- com.nopcommerce.testCases.TC_LoginTest_001 -->
    </test> <!-- TC_LoginTest_001 -->
  </suite> <!-- nopcommerce -->
</testng-results>
